<?xml version="1.0" encoding="UTF-8"?>
<!-- Generated by org.testng.reporters.JUnitReportReporter -->
<testsuite hostname="DESKTOP-9GN9S89" failures="0" tests="8" name="Testng.myFirstTestNGSuits" time="25.032" errors="0" timestamp="2019-10-19T15:51:23 EDT" skipped="0">
  <testcase classname="Testng.myFirstTestNGSuits" name="testMethod" time="0.020"/>
  <testcase classname="Testng.myFirstTestNGSuits" name="testEqual" time="0.007"/>
  <testcase classname="Testng.myFirstTestNGSuits" name="testMethod" time="0.005"/>
  <testcase classname="Testng.myFirstTestNGSuits" name="testSum" time="24.975"/>
  <testcase classname="Testng.myFirstTestNGSuits" name="testMethod" time="0.002"/>
  <testcase classname="Testng.myFirstTestNGSuits" name="testMethod" time="0.006"/>
  <testcase classname="Testng.myFirstTestNGSuits" name="testMethod" time="0.002"/>
  <testcase classname="Testng.myFirstTestNGSuits" name="testDivison" time="0.015"/>
</testsuite> <!-- Testng.myFirstTestNGSuits -->
